1510608214128	geckodriver	INFO	geckodriver 0.19.0
1510608214156	geckodriver	INFO	Listening on 127.0.0.1:64470
1510608215958	mozrunner::runner	INFO	Running command: "C:\\Program Files\\Mozilla Firefox\\firefox.exe" "-marionette" "-profile" "C:\\Users\\ASSASS~1\\AppData\\Local\\Temp\\rust_mozprofile.SR58E9QEkf3l"
1510608224327	addons.xpi	WARN	Error parsing extensions state: [Exception... "Component returned failure code: 0x80520012 (NS_ERROR_FILE_NOT_FOUND) [amIAddonManagerStartup.readStartupData]"  nsresult: "0x80520012 (NS_ERROR_FILE_NOT_FOUND)"  location: "JS frame :: resource://gre/modules/addons/XPIProvider.jsm :: loadExtensionState :: line 1554"  data: no] Stack trace: loadExtensionState()@resource://gre/modules/addons/XPIProvider.jsm:1554 < getInstallState()@resource://gre/modules/addons/XPIProvider.jsm:1589 < checkForChanges()@resource://gre/modules/addons/XPIProvider.jsm:3109 < startup()@resource://gre/modules/addons/XPIProvider.jsm:2188 < callProvider()@resource://gre/modules/AddonManager.jsm:269 < _startProvider()@resource://gre/modules/AddonManager.jsm:739 < startup()@resource://gre/modules/AddonManager.jsm:906 < startup()@resource://gre/modules/AddonManager.jsm:3090 < observe()@jar:file:///C:/Program%20Files/Mozilla%20Firefox/omni.ja!/components/addonManager.js:65
1510608227464	Marionette	INFO	Enabled via --marionette
Unable to read VR Path Registry from C:\Users\Assassin123\AppData\Local\openvr\openvrpaths.vrpath
[Parent 4872] WARNING: pipe error: 109: file z:/build/build/src/ipc/chromium/src/chrome/common/ipc_channel_win.cc, line 346
Unable to read VR Path Registry from C:\Users\Assassin123\AppData\Local\openvr\openvrpaths.vrpath
[Child 5080] WARNING: pipe error: 109: file z:/build/build/src/ipc/chromium/src/chrome/common/ipc_channel_win.cc, line 346
[Child 5080] WARNING: pipe error: 109: file z:/build/build/src/ipc/chromium/src/chrome/common/ipc_channel_win.cc, line 346
1510608241620	Marionette	INFO	Listening on port 64476
1510608242328	Marionette	WARN	TLS certificate errors will be ignored for this session
1510608242533	Marionette	DEBUG	Register listener.js for window 4294967297
1510608242620	Marionette	DEBUG	Received DOM event "beforeunload" for "about:blank"
1510608252674	addons.productaddons	WARN	Failed downloading XML, status: 0, reason: error
1510608255107	Marionette	DEBUG	Received DOM event "beforeunload" for "about:blank"
1510608255143	Marionette	DEBUG	Received DOM event "pagehide" for "about:blank"
1510608255143	Marionette	DEBUG	Received DOM event "unload" for "about:blank"
1510608255547	Marionette	DEBUG	Received DOM event "DOMContentLoaded" for "about:neterror?e=dnsNotFound&u=https%3A//www.facebook.com/&c=UTF-8&f=regular&d=Firefox%20can%E2%80%99t%20find%20the%20server%20at%20www.facebook.com."
1510608264689	addons.productaddons	WARN	Failed downloading via XHR, status: 0, reason: error
[Parent 4872] WARNING: pipe error: 109: file z:/build/build/src/ipc/chromium/src/chrome/common/ipc_channel_win.cc, line 346
Unable to read VR Path Registry from C:\Users\Assassin123\AppData\Local\openvr\openvrpaths.vrpath
[Child 5212] WARNING: pipe error: 109: file z:/build/build/src/ipc/chromium/src/chrome/common/ipc_channel_win.cc, line 346
1510608273205	addons.productaddons	WARN	Failed downloading via XHR, status: 0, reason: error
*** UTM:SVC TimerManager:registerTimer called after profile-before-change notification. Ignoring timer registration for id: telemetry_modules_ping
Unable to read VR Path Registry from C:\Users\Assassin123\AppData\Local\openvr\openvrpaths.vrpath
[GPU 5392] WARNING: pipe error: 109: file z:/build/build/src/ipc/chromium/src/chrome/common/ipc_channel_win.cc, line 346
